-------------------------------------------------------------------------------
Test set: com.chess.service.ChessServiceTests
-------------------------------------------------------------------------------
Tests run: 8, Failures: 0, Errors: 7, Skipped: 0, Time elapsed: 0.112 s <<< FAILURE! -- in com.chess.service.ChessServiceTests
com.chess.service.ChessServiceTests.mustPromotedBlackPawnToBishop -- Time elapsed: 0.012 s <<< ERROR!
com.chess.exception.BadRequestException: Is not your turn. 
	at com.chess.model.Table.move(Table.java:112)
	at com.chess.service.ChessService.movePiece(ChessService.java:30)
	at com.chess.service.ChessServiceTests.mustPromotedBlackPawnToBishop(ChessServiceTests.java:136)
	at java.base/java.lang.reflect.Method.invoke(Method.java:565)
	at java.base/java.util.ArrayList.forEach(ArrayList.java:1612)
	at java.base/java.util.ArrayList.forEach(ArrayList.java:1612)

com.chess.service.ChessServiceTests.mustPromotedWhitePawnToHorse -- Time elapsed: 0.002 s <<< ERROR!
com.chess.exception.BadRequestException: Is not your turn. 
	at com.chess.model.Table.move(Table.java:112)
	at com.chess.service.ChessService.movePiece(ChessService.java:30)
	at com.chess.service.ChessServiceTests.mustPromotedWhitePawnToHorse(ChessServiceTests.java:83)
	at java.base/java.lang.reflect.Method.invoke(Method.java:565)
	at java.base/java.util.ArrayList.forEach(ArrayList.java:1612)
	at java.base/java.util.ArrayList.forEach(ArrayList.java:1612)

com.chess.service.ChessServiceTests.mustPromotedWhitePawnToQueen -- Time elapsed: 0.002 s <<< ERROR!
com.chess.exception.BadRequestException: Is not your turn. 
	at com.chess.model.Table.move(Table.java:112)
	at com.chess.service.ChessService.movePiece(ChessService.java:30)
	at com.chess.service.ChessServiceTests.mustPromotedWhitePawnToQueen(ChessServiceTests.java:32)
	at java.base/java.lang.reflect.Method.invoke(Method.java:565)
	at java.base/java.util.ArrayList.forEach(ArrayList.java:1612)
	at java.base/java.util.ArrayList.forEach(ArrayList.java:1612)

com.chess.service.ChessServiceTests.mustPromotedBlackPawnToRook -- Time elapsed: 0.001 s <<< ERROR!
com.chess.exception.BadRequestException: Is not your turn. 
	at com.chess.model.Table.move(Table.java:112)
	at com.chess.service.ChessService.movePiece(ChessService.java:30)
	at com.chess.service.ChessServiceTests.mustPromotedBlackPawnToRook(ChessServiceTests.java:118)
	at java.base/java.lang.reflect.Method.invoke(Method.java:565)
	at java.base/java.util.ArrayList.forEach(ArrayList.java:1612)
	at java.base/java.util.ArrayList.forEach(ArrayList.java:1612)

com.chess.service.ChessServiceTests.mustPromotedWhitePawnToBishop -- Time elapsed: 0.002 s <<< ERROR!
com.chess.exception.BadRequestException: Is not your turn. 
	at com.chess.model.Table.move(Table.java:112)
	at com.chess.service.ChessService.movePiece(ChessService.java:30)
	at com.chess.service.ChessServiceTests.mustPromotedWhitePawnToBishop(ChessServiceTests.java:66)
	at java.base/java.lang.reflect.Method.invoke(Method.java:565)
	at java.base/java.util.ArrayList.forEach(ArrayList.java:1612)
	at java.base/java.util.ArrayList.forEach(ArrayList.java:1612)

com.chess.service.ChessServiceTests.mustPromotedBlackPawnToHorse -- Time elapsed: 0.001 s <<< ERROR!
com.chess.exception.BadRequestException: Is not your turn. 
	at com.chess.model.Table.move(Table.java:112)
	at com.chess.service.ChessService.movePiece(ChessService.java:30)
	at com.chess.service.ChessServiceTests.mustPromotedBlackPawnToHorse(ChessServiceTests.java:154)
	at java.base/java.lang.reflect.Method.invoke(Method.java:565)
	at java.base/java.util.ArrayList.forEach(ArrayList.java:1612)
	at java.base/java.util.ArrayList.forEach(ArrayList.java:1612)

com.chess.service.ChessServiceTests.mustPromotedBlackPawnToQueen -- Time elapsed: 0.001 s <<< ERROR!
com.chess.exception.BadRequestException: Is not your turn. 
	at com.chess.model.Table.move(Table.java:112)
	at com.chess.service.ChessService.movePiece(ChessService.java:30)
	at com.chess.service.ChessServiceTests.mustPromotedBlackPawnToQueen(ChessServiceTests.java:100)
	at java.base/java.lang.reflect.Method.invoke(Method.java:565)
	at java.base/java.util.ArrayList.forEach(ArrayList.java:1612)
	at java.base/java.util.ArrayList.forEach(ArrayList.java:1612)

