<?xml version="1.0" encoding="UTF-8"?>
<testsuite xmlns:xsi="http://www.w3.org/2001/XMLSchema-instance" xsi:noNamespaceSchemaLocation="https://maven.apache.org/surefire/maven-surefire-plugin/xsd/surefire-test-report-3.0.xsd" version="3.0" name="com.chess.service.ChessServiceTests" time="0.129" tests="18" errors="0" skipped="0" failures="0">
  <properties>
[...]
</properties>
  <testcase name="mustPromotedWhitePawnToRook" classname="com.chess.service.ChessServiceTests" time="0.047"/>
  <testcase name="mustGetBoard" classname="com.chess.service.ChessServiceTests" time="0.004"/>
  <testcase name="mustMovBishop" classname="com.chess.service.ChessServiceTests" time="0.002"/>
  <testcase name="mustPromotedBlackPawnToBishop" classname="com.chess.service.ChessServiceTests" time="0.001"/>
  <testcase name="mustMovHorse" classname="com.chess.service.ChessServiceTests" time="0.001"/>
  <testcase name="mustMovQueen" classname="com.chess.service.ChessServiceTests" time="0.001"/>
  <testcase name="mustDeleteTable" classname="com.chess.service.ChessServiceTests" time="0.001"/>
  <testcase name="mustPromotedWhitePawnToHorse" classname="com.chess.service.ChessServiceTests" time="0.002"/>
  <testcase name="mustPromotedWhitePawnToQueen" classname="com.chess.service.ChessServiceTests" time="0.001"/>
  <testcase name="mustPromotedBlackPawnToRook" classname="com.chess.service.ChessServiceTests" time="0.001"/>
  <testcase name="mustCreateTable" classname="com.chess.service.ChessServiceTests" time="0.003"/>
  <testcase name="mustMovKing" classname="com.chess.service.ChessServiceTests" time="0.002"/>
  <testcase name="mustMovPawn" classname="com.chess.service.ChessServiceTests" time="0.002"/>
  <testcase name="mustMovRook" classname="com.chess.service.ChessServiceTests" time="0.001"/>
  <testcase name="mustPromotedWhitePawnToBishop" classname="com.chess.service.ChessServiceTests" time="0.002"/>
  <testcase name="mustMovPawnLong" classname="com.chess.service.ChessServiceTests" time="0.002"/>
  <testcase name="mustPromotedBlackPawnToHorse" classname="com.chess.service.ChessServiceTests" time="0.001"/>
  <testcase name="mustPromotedBlackPawnToQueen" classname="com.chess.service.ChessServiceTests" time="0.002"/>
</testsuite>